<?xml version="1.0" encoding="UTF-8"?>
<coverage generated="1630602371438" clover="3.2.0">
  <project timestamp="1630602371439" name="All files">
    <metrics statements="20" coveredstatements="14" conditionals="2" coveredconditionals="0" methods="5" coveredmethods="3" elements="27" coveredelements="17" complexity="0" loc="20" ncloc="20" packages="1" files="2" classes="2"/>
    <file name="task.js" path="/home/ismael/Documents/webDev/microverse/javaScript/to-do-list-unit-tests/src/task.js">
      <metrics statements="9" coveredstatements="3" conditionals="2" coveredconditionals="0" methods="3" coveredmethods="1"/>
      <line num="3" count="1" type="stmt"/>
      <line num="4" count="1" type="stmt"/>
      <line num="5" count="1" type="stmt"/>
      <line num="10" count="0" type="cond" truecount="0" falsecount="2"/>
      <line num="11" count="0" type="stmt"/>
      <line num="13" count="0" type="stmt"/>
      <line num="16" count="0" type="stmt"/>
      <line num="20" count="0" type="stmt"/>
      <line num="21" count="0" type="stmt"/>
    </file>
    <file name="update-to-do-list.js" path="/home/ismael/Documents/webDev/microverse/javaScript/to-do-list-unit-tests/src/update-to-do-list.js">
      <metrics statements="11" coveredstatements="11" conditionals="0" coveredconditionals="0" methods="2" coveredmethods="2"/>
      <line num="5" count="1" type="stmt"/>
      <line num="6" count="1" type="stmt"/>
      <line num="7" count="1" type="stmt"/>
      <line num="8" count="1" type="stmt"/>
      <line num="9" count="1" type="stmt"/>
      <line num="10" count="1" type="stmt"/>
      <line num="11" count="1" type="stmt"/>
      <line num="15" count="1" type="stmt"/>
      <line num="17" count="1" type="stmt"/>
      <line num="19" count="1" type="stmt"/>
      <line num="21" count="1" type="stmt"/>
    </file>
  </project>
</coverage>
