{"/home/ismael/Documents/webDev/microverse/javaScript/to-do-list-unit-tests/src/task.js": {"path":"/home/ismael/Documents/webDev/microverse/javaScript/to-do-list-unit-tests/src/task.js","statementMap":{"0":{"start":{"line":3,"column":4},"end":{"line":3,"column":35}},"1":{"start":{"line":4,"column":4},"end":{"line":4,"column":31}},"2":{"start":{"line":5,"column":4},"end":{"line":5,"column":23}},"3":{"start":{"line":10,"column":2},"end":{"line":14,"column":3}},"4":{"start":{"line":11,"column":4},"end":{"line":11,"column":26}},"5":{"start":{"line":13,"column":4},"end":{"line":13,"column":27}},"6":{"start":{"line":16,"column":2},"end":{"line":16,"column":14}},"7":{"start":{"line":20,"column":2},"end":{"line":20,"column":29}},"8":{"start":{"line":21,"column":2},"end":{"line":21,"column":14}}},"fnMap":{"0":{"name":"(anonymous_0)","decl":{"start":{"line":2,"column":2},"end":{"line":2,"column":3}},"loc":{"start":{"line":2,"column":45},"end":{"line":6,"column":3}},"line":2},"1":{"name":"updateStatus","decl":{"start":{"line":9,"column":16},"end":{"line":9,"column":28}},"loc":{"start":{"line":9,"column":46},"end":{"line":17,"column":1}},"line":9},"2":{"name":"updateDescription","decl":{"start":{"line":19,"column":16},"end":{"line":19,"column":33}},"loc":{"start":{"line":19,"column":49},"end":{"line":22,"column":1}},"line":19}},"branchMap":{"0":{"loc":{"start":{"line":10,"column":2},"end":{"line":14,"column":3}},"type":"if","locations":[{"start":{"line":10,"column":2},"end":{"line":14,"column":3}},{"start":{"line":10,"column":2},"end":{"line":14,"column":3}}],"line":10}},"s":{"0":1,"1":1,"2":1,"3":0,"4":0,"5":0,"6":0,"7":0,"8":0},"f":{"0":1,"1":0,"2":0},"b":{"0":[0,0]},"_coverageSchema":"1a1c01bbd47fc00a2c39e90264f33305004495a9","hash":"5284bbceb5cf8545f9a713376efa3bd38f11e637"}
,"/home/ismael/Documents/webDev/microverse/javaScript/to-do-list-unit-tests/src/update-to-do-list.js": {"path":"/home/ismael/Documents/webDev/microverse/javaScript/to-do-list-unit-tests/src/update-to-do-list.js","statementMap":{"0":{"start":{"line":5,"column":18},"end":{"line":5,"column":53}},"1":{"start":{"line":6,"column":26},"end":{"line":6,"column":39}},"2":{"start":{"line":7,"column":15},"end":{"line":7,"column":50}},"3":{"start":{"line":8,"column":2},"end":{"line":8,"column":30}},"4":{"start":{"line":9,"column":2},"end":{"line":9,"column":21}},"5":{"start":{"line":10,"column":20},"end":{"line":10,"column":47}},"6":{"start":{"line":11,"column":2},"end":{"line":11,"column":19}},"7":{"start":{"line":15,"column":19},"end":{"line":15,"column":46}},"8":{"start":{"line":17,"column":2},"end":{"line":17,"column":28}},"9":{"start":{"line":19,"column":2},"end":{"line":19,"column":41}},"10":{"start":{"line":21,"column":2},"end":{"line":21,"column":18}}},"fnMap":{"0":{"name":"addNewTaskToList","decl":{"start":{"line":4,"column":16},"end":{"line":4,"column":32}},"loc":{"start":{"line":4,"column":35},"end":{"line":12,"column":1}},"line":4},"1":{"name":"deleteItem","decl":{"start":{"line":14,"column":16},"end":{"line":14,"column":26}},"loc":{"start":{"line":14,"column":34},"end":{"line":22,"column":1}},"line":14}},"branchMap":{},"s":{"0":1,"1":1,"2":1,"3":1,"4":1,"5":1,"6":1,"7":1,"8":1,"9":1,"10":1},"f":{"0":1,"1":1},"b":{},"_coverageSchema":"1a1c01bbd47fc00a2c39e90264f33305004495a9","hash":"c5c98ac6693443d5658839cb4cbe79aecdba710d"}
}
