{"C:\\My Personal Projects\\Microverse\\week_19\\to-do-list-unit-tests\\src\\task.js": {"path":"C:\\My Personal Projects\\Microverse\\week_19\\to-do-list-unit-tests\\src\\task.js","statementMap":{"0":{"start":{"line":3,"column":4},"end":{"line":3,"column":35}},"1":{"start":{"line":4,"column":4},"end":{"line":4,"column":31}},"2":{"start":{"line":5,"column":4},"end":{"line":5,"column":23}},"3":{"start":{"line":10,"column":2},"end":{"line":14,"column":3}},"4":{"start":{"line":11,"column":4},"end":{"line":11,"column":26}},"5":{"start":{"line":13,"column":4},"end":{"line":13,"column":27}},"6":{"start":{"line":16,"column":2},"end":{"line":16,"column":14}},"7":{"start":{"line":20,"column":2},"end":{"line":20,"column":29}},"8":{"start":{"line":21,"column":2},"end":{"line":21,"column":14}}},"fnMap":{"0":{"name":"(anonymous_0)","decl":{"start":{"line":2,"column":2},"end":{"line":2,"column":3}},"loc":{"start":{"line":2,"column":45},"end":{"line":6,"column":3}},"line":2},"1":{"name":"updateStatus","decl":{"start":{"line":9,"column":16},"end":{"line":9,"column":28}},"loc":{"start":{"line":9,"column":46},"end":{"line":17,"column":1}},"line":9},"2":{"name":"updateDescription","decl":{"start":{"line":19,"column":16},"end":{"line":19,"column":33}},"loc":{"start":{"line":19,"column":49},"end":{"line":22,"column":1}},"line":19}},"branchMap":{"0":{"loc":{"start":{"line":10,"column":2},"end":{"line":14,"column":3}},"type":"if","locations":[{"start":{"line":10,"column":2},"end":{"line":14,"column":3}},{"start":{"line":10,"column":2},"end":{"line":14,"column":3}}],"line":10}},"s":{"0":1,"1":1,"2":1,"3":0,"4":0,"5":0,"6":0,"7":0,"8":0},"f":{"0":1,"1":0,"2":0},"b":{"0":[0,0]},"_coverageSchema":"1a1c01bbd47fc00a2c39e90264f33305004495a9","hash":"32d82f4aad7f4fafa81904f9b02915a023a49a46"}
,"C:\\My Personal Projects\\Microverse\\week_19\\to-do-list-unit-tests\\src\\update-to-do-list.js": {"path":"C:\\My Personal Projects\\Microverse\\week_19\\to-do-list-unit-tests\\src\\update-to-do-list.js","statementMap":{"0":{"start":{"line":5,"column":20},"end":{"line":5,"column":55}},"1":{"start":{"line":6,"column":28},"end":{"line":6,"column":41}},"2":{"start":{"line":7,"column":17},"end":{"line":7,"column":52}},"3":{"start":{"line":8,"column":4},"end":{"line":8,"column":32}},"4":{"start":{"line":9,"column":4},"end":{"line":9,"column":23}},"5":{"start":{"line":10,"column":22},"end":{"line":10,"column":49}},"6":{"start":{"line":11,"column":4},"end":{"line":11,"column":20}}},"fnMap":{"0":{"name":"addNewTaskToList","decl":{"start":{"line":4,"column":16},"end":{"line":4,"column":32}},"loc":{"start":{"line":4,"column":35},"end":{"line":12,"column":3}},"line":4}},"branchMap":{},"s":{"0":1,"1":1,"2":1,"3":1,"4":1,"5":1,"6":1},"f":{"0":1},"b":{},"_coverageSchema":"1a1c01bbd47fc00a2c39e90264f33305004495a9","hash":"436c63486236ebb137960fb7f6ea9e931bd0cb2f"}
}
