TN:
SF:src\task.js
FN:2,(anonymous_0)
FN:9,updateStatus
FN:19,updateDescription
FNF:3
FNH:1
FNDA:1,(anonymous_0)
FNDA:0,updateStatus
FNDA:0,updateDescription
DA:3,1
DA:4,1
DA:5,1
DA:10,0
DA:11,0
DA:13,0
DA:16,0
DA:20,0
DA:21,0
LF:9
LH:3
BRDA:10,0,0,0
BRDA:10,0,1,0
BRF:2
BRH:0
end_of_record
TN:
SF:src\update-to-do-list.js
FN:4,addNewTaskToList
FN:14,deleteItem
FNF:2
FNH:2
FNDA:1,addNewTaskToList
FNDA:1,deleteItem
DA:5,1
DA:6,1
DA:7,1
DA:8,1
DA:9,1
DA:10,1
DA:11,1
DA:15,1
DA:17,1
DA:19,1
DA:21,1
LF:11
LH:11
BRF:0
BRH:0
end_of_record
